mode: set
storageproject/internal/product/repository.go:25.43,29.2 1 1
storageproject/internal/product/repository.go:41.63,45.2 3 1
storageproject/internal/product/repository.go:47.90,50.130 3 0
storageproject/internal/product/repository.go:53.2,53.21 1 0
storageproject/internal/product/repository.go:50.130,52.3 1 0
storageproject/internal/product/repository.go:56.83,58.16 2 1
storageproject/internal/product/repository.go:61.2,65.16 4 1
storageproject/internal/product/repository.go:69.2,69.21 1 1
storageproject/internal/product/repository.go:58.16,60.3 1 0
storageproject/internal/product/repository.go:65.16,67.3 1 1
storageproject/internal/product/repository.go:72.76,76.16 3 1
storageproject/internal/product/repository.go:80.2,80.18 1 1
storageproject/internal/product/repository.go:89.2,89.22 1 1
storageproject/internal/product/repository.go:76.16,78.3 1 1
storageproject/internal/product/repository.go:80.18,83.17 3 1
storageproject/internal/product/repository.go:86.3,86.36 1 1
storageproject/internal/product/repository.go:83.17,85.4 1 0
storageproject/internal/product/repository.go:92.79,94.16 2 1
storageproject/internal/product/repository.go:97.2,102.16 3 1
storageproject/internal/product/repository.go:107.2,108.16 2 1
storageproject/internal/product/repository.go:112.2,112.21 1 1
storageproject/internal/product/repository.go:94.16,96.3 1 0
storageproject/internal/product/repository.go:102.16,104.3 1 1
storageproject/internal/product/repository.go:108.16,110.3 1 0
storageproject/internal/product/repository.go:115.82,117.16 2 1
storageproject/internal/product/repository.go:120.2,124.16 3 1
storageproject/internal/product/repository.go:128.2,129.16 2 1
storageproject/internal/product/repository.go:132.2,132.18 1 1
storageproject/internal/product/repository.go:135.2,135.12 1 1
storageproject/internal/product/repository.go:117.16,119.3 1 0
storageproject/internal/product/repository.go:124.16,126.3 1 1
storageproject/internal/product/repository.go:129.16,131.3 1 0
storageproject/internal/product/repository.go:132.18,134.3 1 0
storageproject/internal/product/repository.go:138.64,140.16 2 1
storageproject/internal/product/repository.go:143.2,146.16 3 1
storageproject/internal/product/repository.go:150.2,151.16 2 1
storageproject/internal/product/repository.go:155.2,155.23 1 1
storageproject/internal/product/repository.go:159.2,159.12 1 1
storageproject/internal/product/repository.go:140.16,142.3 1 0
storageproject/internal/product/repository.go:146.16,148.3 1 1
storageproject/internal/product/repository.go:151.16,153.3 1 0
storageproject/internal/product/repository.go:155.23,157.3 1 1
storageproject/internal/product/service.go:23.42,27.2 1 0
storageproject/internal/product/service.go:29.60,31.2 1 0
storageproject/internal/product/service.go:33.99,35.16 2 0
storageproject/internal/product/service.go:38.2,38.21 1 0
storageproject/internal/product/service.go:35.16,37.3 1 0
storageproject/internal/product/service.go:41.92,43.16 2 0
storageproject/internal/product/service.go:46.2,46.21 1 0
storageproject/internal/product/service.go:43.16,45.3 1 0
storageproject/internal/product/service.go:49.73,51.16 2 0
storageproject/internal/product/service.go:54.2,54.22 1 0
storageproject/internal/product/service.go:51.16,53.3 1 0
storageproject/internal/product/service.go:57.61,59.2 1 0
storageproject/internal/product/service.go:61.76,62.30 1 0
storageproject/internal/product/service.go:65.2,66.16 2 0
storageproject/internal/product/service.go:70.2,71.18 2 0
storageproject/internal/product/service.go:62.30,64.3 1 0
storageproject/internal/product/service.go:66.16,68.3 1 0
storageproject/internal/product/service.go:74.79,77.16 2 0
storageproject/internal/product/service.go:80.2,81.21 2 0
storageproject/internal/product/service.go:84.2,84.12 1 0
storageproject/internal/product/service.go:77.16,79.3 1 0
storageproject/internal/product/service.go:81.21,83.3 1 0
